<?xml version="1.0" encoding="UTF-8"?>
<TestRun id="b4908ff2-5fbe-46de-adb8-8297ce0296e3" name="leitand@C197214 2012-02-28 12:46:03" runUser="STATCAN\leitand" xmlns="http://microsoft.com/schemas/VisualStudio/TeamTest/2010">
  <TestSettings name="Local" id="f6b9cdfa-8002-4092-9be6-5ced691a8b54">
    <Description>These are default test settings for a local test run.</Description>
    <Deployment userDeploymentRoot="C:\Users\leitand\Documents\personal\OCClient\TestResults" useDefaultDeploymentRoot="false" enabled="false" runDeploymentRoot="leitand_C197214 2012-02-28 12_46_03">
      <DeploymentItem filename="C:\Users\leitand\Documents\personal\OCClient\ClassLibrary1\bin\Debug\OrangeCloudClient.dll" />
    </Deployment>
    <Execution>
      <TestTypeSpecific />
      <AgentRule name="Execution Agents">
      </AgentRule>
    </Execution>
  </TestSettings>
  <Times creation="2012-02-28T12:46:03.9402445-05:00" queuing="2012-02-28T12:46:03.9822340-05:00" start="2012-02-28T12:46:04.0046935-05:00" finish="2012-02-28T12:46:16.0478680-05:00" />
  <ResultSummary outcome="Failed">
    <Counters total="1" executed="1" error="0" failed="1" timeout="0" aborted="0" inconclusive="0" passedButRunAborted="0" notRunnable="0" notExecuted="0" disconnected="0" warning="0" passed="0" completed="0" inProgress="0" pending="0" />
  </ResultSummary>
  <TestDefinitions>
    <UnitTest name="TestMethod1" storage="c:\users\leitand\documents\personal\occlient\cloudtests\bin\debug\cloudtests.dll" id="c4354811-6397-a698-a918-4c08213e596e">
      <Execution id="156c7750-ea18-4ccb-8149-819501b7f533" />
      <TestMethod codeBase="C:/Users/leitand/Documents/personal/OCClient/CloudTests/bin/Debug/CloudTests.DLL" adapterTypeName="Microsoft.VisualStudio.TestTools.TestTypes.Unit.UnitTestAdapter, Microsoft.VisualStudio.QualityTools.Tips.UnitTest.Adapter, Version=10.0.0.0, Culture=neutral, PublicKeyToken=b03f5f7f11d50a3a" className="CloudTests.UnitTest1, CloudTests, Version=1.0.0.0, Culture=neutral, PublicKeyToken=null" name="TestMethod1" />
    </UnitTest>
  </TestDefinitions>
  <TestLists>
    <TestList name="Results Not in a List" id="8c84fa94-04c1-424b-9868-57a2d4851a1d" />
    <TestList name="All Loaded Results" id="19431567-8539-422a-85d7-44ee4e166bda" />
  </TestLists>
  <TestEntries>
    <TestEntry testId="c4354811-6397-a698-a918-4c08213e596e" executionId="156c7750-ea18-4ccb-8149-819501b7f533" testListId="8c84fa94-04c1-424b-9868-57a2d4851a1d" />
  </TestEntries>
  <Results>
    <UnitTestResult executionId="156c7750-ea18-4ccb-8149-819501b7f533" testId="c4354811-6397-a698-a918-4c08213e596e" testName="TestMethod1" computerName="C197214" duration="00:00:11.7593825" startTime="2012-02-28T12:46:04.0144585-05:00" endTime="2012-02-28T12:46:16.0185730-05:00" testType="13cdc9d9-ddb5-4fa4-a97d-d965ccfc6d4b" outcome="Failed" testListId="8c84fa94-04c1-424b-9868-57a2d4851a1d" relativeResultsDirectory="156c7750-ea18-4ccb-8149-819501b7f533">
      <Output>
        <StdOut>OCERR: No meta data found, starting fresh.
OCERR: Repo creation: 00:00:00.0019530
Error getting file: \test.txt : 0 (The remote server returned an error: (503) Server Unavailable.)
OCERR: Add: \test.txt: No response from server at 12:46:04 PM.  Will try again later
OCERR: Transport error: unable to get file listing
OCERR: Repo creation: 00:00:00.0009765
OCERR: Transport error: unable to get file listing
OCERR: Repo creation: 00:00:00.0009765
Error getting file: \test.txt : 0 (The remote server returned an error: (503) Server Unavailable.)
OCERR: Add: \test.txt: No response from server at 12:46:15 PM.  Will try again later
OCERR: Transport error: unable to get file listing
OCERR: Repo creation: 00:00:00.0009765
OCERR: Transport error: unable to get file listing</StdOut>
        <ErrorInfo>
          <Message>Assert.IsTrue failed. Client1 has no record in metadata of: \test.txt</Message>
          <StackTrace>   at CloudTests.UnitTest1.TestMethod1() in C:\Users\leitand\Documents\personal\OCClient\CloudTests\UnitTest1.cs:line 49
</StackTrace>
        </ErrorInfo>
      </Output>
    </UnitTestResult>
  </Results>
</TestRun>