<?xml version="1.0" encoding="UTF-8"?>
<TestRun id="7c382602-8446-4ed0-9d09-5c6969843ea4" name="leitand@C197214 2012-02-29 13:41:41" runUser="STATCAN\leitand" xmlns="http://microsoft.com/schemas/VisualStudio/TeamTest/2010">
  <TestSettings name="Local" id="f6b9cdfa-8002-4092-9be6-5ced691a8b54">
    <Description>These are default test settings for a local test run.</Description>
    <Deployment enabled="false" runDeploymentRoot="leitand_C197214 2012-02-29 13_41_41">
      <DeploymentItem filename="C:\Users\leitand\Documents\personal\OCClient\ClassLibrary1\bin\Debug\OrangeCloudClient.dll" />
    </Deployment>
    <Execution>
      <TestTypeSpecific />
      <AgentRule name="Execution Agents">
      </AgentRule>
    </Execution>
  </TestSettings>
  <Times creation="2012-02-29T13:41:41.3056465-05:00" queuing="2012-02-29T13:41:42.2158377-05:00" start="2012-02-29T13:41:44.5245201-05:00" finish="2012-02-29T13:42:07.2802767-05:00" />
  <ResultSummary outcome="Aborted">
    <Counters total="1" executed="1" error="0" failed="0" timeout="0" aborted="1" inconclusive="0" passedButRunAborted="0" notRunnable="0" notExecuted="0" disconnected="0" warning="0" passed="0" completed="0" inProgress="0" pending="0" />
  </ResultSummary>
  <TestDefinitions>
    <UnitTest name="TestMethod1" storage="c:\users\leitand\documents\personal\occlient\cloudtests\bin\debug\cloudtests.dll" id="c4354811-6397-a698-a918-4c08213e596e">
      <Execution id="b4243bbd-721c-4391-87a8-5592566af003" />
      <TestMethod codeBase="C:/Users/leitand/Documents/personal/OCClient/CloudTests/bin/Debug/CloudTests.DLL" adapterTypeName="Microsoft.VisualStudio.TestTools.TestTypes.Unit.UnitTestAdapter, Microsoft.VisualStudio.QualityTools.Tips.UnitTest.Adapter, Version=10.0.0.0, Culture=neutral, PublicKeyToken=b03f5f7f11d50a3a" className="CloudTests.UnitTest1, CloudTests, Version=1.0.0.0, Culture=neutral, PublicKeyToken=null" name="TestMethod1" />
    </UnitTest>
  </TestDefinitions>
  <TestLists>
    <TestList name="Results Not in a List" id="8c84fa94-04c1-424b-9868-57a2d4851a1d" />
    <TestList name="All Loaded Results" id="19431567-8539-422a-85d7-44ee4e166bda" />
  </TestLists>
  <TestEntries>
    <TestEntry testId="c4354811-6397-a698-a918-4c08213e596e" executionId="b4243bbd-721c-4391-87a8-5592566af003" testListId="8c84fa94-04c1-424b-9868-57a2d4851a1d" />
  </TestEntries>
  <Results>
    <UnitTestResult executionId="b4243bbd-721c-4391-87a8-5592566af003" testId="c4354811-6397-a698-a918-4c08213e596e" testName="TestMethod1" computerName="C197214" duration="00:00:13.3530518" startTime="2012-02-29T13:41:45.2325551-05:00" endTime="2012-02-29T13:41:58.5856069-05:00" testType="13cdc9d9-ddb5-4fa4-a97d-d965ccfc6d4b" outcome="Aborted" testListId="8c84fa94-04c1-424b-9868-57a2d4851a1d" relativeResultsDirectory="b4243bbd-721c-4391-87a8-5592566af003">
      <Output>
        <StdOut>No meta data found, starting fresh.
Repo creation: 00:00:00.1582092
Error getting file: \test.txt : -1 (The request was aborted: The request was canceled.)</StdOut>
        <ErrorInfo>
          <Message>User aborted test run.</Message>
        </ErrorInfo>
      </Output>
    </UnitTestResult>
  </Results>
</TestRun>