<?xml version="1.0" encoding="UTF-8"?>
<TestRun id="72ec2766-bffe-4e52-b3e1-e47deef0f6e5" name="leitand@C197214 2012-02-28 12:32:08" runUser="STATCAN\leitand" xmlns="http://microsoft.com/schemas/VisualStudio/TeamTest/2010">
  <TestSettings name="Local" id="f6b9cdfa-8002-4092-9be6-5ced691a8b54">
    <Description>These are default test settings for a local test run.</Description>
    <Deployment userDeploymentRoot="C:\Users\leitand\Documents\personal\OCClient\TestResults" useDefaultDeploymentRoot="false" enabled="false" runDeploymentRoot="leitand_C197214 2012-02-28 12_32_08">
      <DeploymentItem filename="C:\Users\leitand\Documents\personal\OCClient\ClassLibrary1\bin\Debug\OrangeCloudClient.dll" />
    </Deployment>
    <Execution>
      <TestTypeSpecific />
      <AgentRule name="Execution Agents">
      </AgentRule>
    </Execution>
  </TestSettings>
  <Times creation="2012-02-28T12:32:08.4292675-05:00" queuing="2012-02-28T12:32:12.3128080-05:00" start="2012-02-28T12:32:12.4700245-05:00" finish="2012-02-28T12:33:17.5644910-05:00" />
  <ResultSummary outcome="Error">
    <Counters total="1" executed="1" error="0" failed="0" timeout="0" aborted="1" inconclusive="0" passedButRunAborted="0" notRunnable="0" notExecuted="0" disconnected="0" warning="0" passed="0" completed="0" inProgress="0" pending="0" />
    <RunInfos>
      <RunInfo computerName="C197214" outcome="Error" timestamp="2012-02-28T12:33:17.5635145-05:00">
        <Text>Test host process exited unexpectedly.</Text>
      </RunInfo>
    </RunInfos>
  </ResultSummary>
  <TestDefinitions>
    <UnitTest name="TestMethod1" storage="c:\users\leitand\documents\personal\occlient\cloudtests\bin\debug\cloudtests.dll" id="c4354811-6397-a698-a918-4c08213e596e">
      <Execution id="dc611c39-cc5b-41e2-8416-e0a66bc00c9b" />
      <TestMethod codeBase="C:/Users/leitand/Documents/personal/OCClient/CloudTests/bin/Debug/CloudTests.DLL" adapterTypeName="Microsoft.VisualStudio.TestTools.TestTypes.Unit.UnitTestAdapter, Microsoft.VisualStudio.QualityTools.Tips.UnitTest.Adapter, Version=10.0.0.0, Culture=neutral, PublicKeyToken=b03f5f7f11d50a3a" className="CloudTests.UnitTest1, CloudTests, Version=1.0.0.0, Culture=neutral, PublicKeyToken=null" name="TestMethod1" />
    </UnitTest>
  </TestDefinitions>
  <TestLists>
    <TestList name="Results Not in a List" id="8c84fa94-04c1-424b-9868-57a2d4851a1d" />
    <TestList name="All Loaded Results" id="19431567-8539-422a-85d7-44ee4e166bda" />
  </TestLists>
  <TestEntries>
    <TestEntry testId="c4354811-6397-a698-a918-4c08213e596e" executionId="dc611c39-cc5b-41e2-8416-e0a66bc00c9b" testListId="8c84fa94-04c1-424b-9868-57a2d4851a1d" />
  </TestEntries>
  <Results>
    <UnitTestResult executionId="dc611c39-cc5b-41e2-8416-e0a66bc00c9b" testId="c4354811-6397-a698-a918-4c08213e596e" testName="TestMethod1" computerName="C197214" duration="00:01:04.9724040" startTime="2012-02-28T12:32:12.5920870-05:00" endTime="2012-02-28T12:33:17.5644910-05:00" testType="13cdc9d9-ddb5-4fa4-a97d-d965ccfc6d4b" outcome="Aborted" testListId="8c84fa94-04c1-424b-9868-57a2d4851a1d" relativeResultsDirectory="dc611c39-cc5b-41e2-8416-e0a66bc00c9b">
    </UnitTestResult>
  </Results>
</TestRun>